{"contracts/MerkleDrop.sol":{"l":{"18":3,"39":2,"40":2,"41":2,"42":2,"43":2,"47":1,"48":1,"49":1,"50":1,"54":2,"55":2,"56":2,"57":1,"58":1,"59":1,"60":1,"61":1,"62":1,"71":3,"75":3,"84":3},"path":"/Users/dev/art/merkle-tree/contracts/MerkleDrop.sol","s":{"1":3,"2":2,"3":2,"4":2,"5":2,"6":1,"7":1,"8":1,"9":0,"10":1,"11":2,"12":2,"13":2,"14":1,"15":1,"16":1,"17":1,"18":1,"19":3,"20":3,"21":3},"b":{"1":[2,0],"2":[2,0],"3":[0,1],"4":[1,1],"5":[1,0],"6":[1,0]},"f":{"1":3,"2":2,"3":1,"4":2,"5":3,"6":3,"7":3},"fnMap":{"1":{"name":"constructor","line":17,"loc":{"start":{"line":11,"column":4},"end":{"line":19,"column":4}}},"2":{"name":"mint","line":38,"loc":{"start":{"line":38,"column":4},"end":{"line":44,"column":4}}},"3":{"name":"claimable","line":46,"loc":{"start":{"line":46,"column":4},"end":{"line":51,"column":4}}},"4":{"name":"claim","line":53,"loc":{"start":{"line":53,"column":4},"end":{"line":68,"column":4}}},"5":{"name":"_baseURI","line":70,"loc":{"start":{"line":70,"column":4},"end":{"line":72,"column":4}}},"6":{"name":"totalSupply","line":74,"loc":{"start":{"line":74,"column":4},"end":{"line":76,"column":4}}},"7":{"name":"tokenURI","line":78,"loc":{"start":{"line":78,"column":4},"end":{"line":88,"column":4}}}},"statementMap":{"1":{"start":{"line":18,"column":8},"end":{"line":18,"column":19}},"2":{"start":{"line":39,"column":8},"end":{"line":39,"column":55}},"3":{"start":{"line":40,"column":8},"end":{"line":40,"column":66}},"4":{"start":{"line":42,"column":8},"end":{"line":42,"column":42}},"5":{"start":{"line":43,"column":8},"end":{"line":43,"column":76}},"6":{"start":{"line":47,"column":8},"end":{"line":47,"column":62}},"7":{"start":{"line":48,"column":8},"end":{"line":48,"column":76}},"8":{"start":{"line":49,"column":8},"end":{"line":49,"column":32}},"9":{"start":{"line":49,"column":20},"end":{"line":49,"column":32}},"10":{"start":{"line":50,"column":8},"end":{"line":50,"column":34}},"11":{"start":{"line":54,"column":8},"end":{"line":54,"column":62}},"12":{"start":{"line":55,"column":8},"end":{"line":55,"column":76}},"13":{"start":{"line":56,"column":8},"end":{"line":56,"column":32}},"14":{"start":{"line":57,"column":8},"end":{"line":57,"column":54}},"15":{"start":{"line":58,"column":8},"end":{"line":58,"column":55}},"16":{"start":{"line":59,"column":8},"end":{"line":59,"column":25}},"17":{"start":{"line":61,"column":8},"end":{"line":61,"column":42}},"18":{"start":{"line":62,"column":8},"end":{"line":62,"column":2085}},"19":{"start":{"line":71,"column":8},"end":{"line":71,"column":44}},"20":{"start":{"line":75,"column":8},"end":{"line":75,"column":27}},"21":{"start":{"line":84,"column":8},"end":{"line":84,"column":2590}}},"branchMap":{"1":{"line":39,"type":"if","locations":[{"start":{"line":39,"column":8},"end":{"line":39,"column":8}},{"start":{"line":39,"column":8},"end":{"line":39,"column":8}}]},"2":{"line":40,"type":"if","locations":[{"start":{"line":40,"column":8},"end":{"line":40,"column":8}},{"start":{"line":40,"column":8},"end":{"line":40,"column":8}}]},"3":{"line":49,"type":"if","locations":[{"start":{"line":49,"column":8},"end":{"line":49,"column":8}},{"start":{"line":49,"column":8},"end":{"line":49,"column":8}}]},"4":{"line":56,"type":"if","locations":[{"start":{"line":56,"column":8},"end":{"line":56,"column":8}},{"start":{"line":56,"column":8},"end":{"line":56,"column":8}}]},"5":{"line":57,"type":"if","locations":[{"start":{"line":57,"column":8},"end":{"line":57,"column":8}},{"start":{"line":57,"column":8},"end":{"line":57,"column":8}}]},"6":{"line":58,"type":"if","locations":[{"start":{"line":58,"column":8},"end":{"line":58,"column":8}},{"start":{"line":58,"column":8},"end":{"line":58,"column":8}}]}}},"contracts/MerkleProof.sol":{"l":{"29":3,"30":3,"32":3,"33":6,"34":6,"36":6,"38":4,"43":2,"46":2,"51":3},"path":"/Users/dev/art/merkle-tree/contracts/MerkleProof.sol","s":{"1":3,"2":3,"3":3,"4":6,"5":6,"6":6,"7":4,"8":2,"9":2,"10":3},"b":{"1":[4,2]},"f":{"1":3},"fnMap":{"1":{"name":"verify","line":24,"loc":{"start":{"line":24,"column":4},"end":{"line":52,"column":4}}}},"statementMap":{"1":{"start":{"line":29,"column":8},"end":{"line":29,"column":35}},"2":{"start":{"line":30,"column":8},"end":{"line":30,"column":25}},"3":{"start":{"line":32,"column":8},"end":{"line":32,"column":1318}},"4":{"start":{"line":33,"column":12},"end":{"line":33,"column":21}},"5":{"start":{"line":34,"column":12},"end":{"line":34,"column":43}},"6":{"start":{"line":36,"column":12},"end":{"line":36,"column":1449}},"7":{"start":{"line":38,"column":16},"end":{"line":38,"column":1583}},"8":{"start":{"line":43,"column":16},"end":{"line":43,"column":1808}},"9":{"start":{"line":46,"column":16},"end":{"line":46,"column":25}},"10":{"start":{"line":51,"column":8},"end":{"line":51,"column":44}}},"branchMap":{"1":{"line":36,"type":"if","locations":[{"start":{"line":36,"column":12},"end":{"line":36,"column":12}},{"start":{"line":36,"column":12},"end":{"line":36,"column":12}}]}}},"contracts/ProbablyNothing.sol":{"l":{"24":3,"25":3,"30":5,"31":4,"35":1,"36":1,"40":4,"41":3,"42":2,"44":1,"45":1,"46":1,"51":2,"52":1,"56":2,"57":1,"61":1,"70":1,"74":4},"path":"/Users/dev/art/merkle-tree/contracts/ProbablyNothing.sol","s":{"1":3,"2":3,"3":5,"4":1,"5":1,"6":4,"7":3,"8":2,"9":1,"10":1,"11":2,"12":1,"13":2,"14":1,"15":1,"16":1,"17":4},"b":{"1":[4,1],"2":[3,1],"3":[2,1],"4":[1,1],"5":[1,1],"6":[1,1]},"f":{"1":3,"2":5,"3":1,"4":4,"5":2,"6":2,"7":1,"8":1,"9":4},"fnMap":{"1":{"name":"constructor","line":22,"loc":{"start":{"line":21,"column":4},"end":{"line":26,"column":4}}},"2":{"name":"whenProvincial","line":29,"loc":{"start":{"line":29,"column":4},"end":{"line":32,"column":4}}},"3":{"name":"release","line":34,"loc":{"start":{"line":34,"column":4},"end":{"line":37,"column":4}}},"4":{"name":"mint","line":39,"loc":{"start":{"line":39,"column":4},"end":{"line":48,"column":4}}},"5":{"name":"setProvenance","line":50,"loc":{"start":{"line":50,"column":4},"end":{"line":53,"column":4}}},"6":{"name":"setBaseURI","line":55,"loc":{"start":{"line":55,"column":4},"end":{"line":58,"column":4}}},"7":{"name":"_baseURI","line":60,"loc":{"start":{"line":60,"column":4},"end":{"line":62,"column":4}}},"8":{"name":"tokenURI","line":64,"loc":{"start":{"line":64,"column":4},"end":{"line":71,"column":4}}},"9":{"name":"totalSupply","line":73,"loc":{"start":{"line":73,"column":4},"end":{"line":75,"column":4}}}},"statementMap":{"1":{"start":{"line":24,"column":8},"end":{"line":24,"column":23}},"2":{"start":{"line":25,"column":8},"end":{"line":25,"column":20}},"3":{"start":{"line":30,"column":8},"end":{"line":30,"column":66}},"4":{"start":{"line":35,"column":8},"end":{"line":35,"column":47}},"5":{"start":{"line":36,"column":8},"end":{"line":36,"column":41}},"6":{"start":{"line":40,"column":8},"end":{"line":40,"column":52}},"7":{"start":{"line":41,"column":8},"end":{"line":41,"column":70}},"8":{"start":{"line":42,"column":8},"end":{"line":42,"column":57}},"9":{"start":{"line":44,"column":8},"end":{"line":44,"column":1168}},"10":{"start":{"line":46,"column":12},"end":{"line":46,"column":46}},"11":{"start":{"line":51,"column":8},"end":{"line":51,"column":63}},"12":{"start":{"line":52,"column":8},"end":{"line":52,"column":30}},"13":{"start":{"line":56,"column":8},"end":{"line":56,"column":56}},"14":{"start":{"line":57,"column":8},"end":{"line":57,"column":20}},"15":{"start":{"line":61,"column":8},"end":{"line":61,"column":22}},"16":{"start":{"line":70,"column":8},"end":{"line":70,"column":73}},"17":{"start":{"line":74,"column":8},"end":{"line":74,"column":27}}},"branchMap":{"1":{"line":30,"type":"if","locations":[{"start":{"line":30,"column":8},"end":{"line":30,"column":8}},{"start":{"line":30,"column":8},"end":{"line":30,"column":8}}]},"2":{"line":40,"type":"if","locations":[{"start":{"line":40,"column":8},"end":{"line":40,"column":8}},{"start":{"line":40,"column":8},"end":{"line":40,"column":8}}]},"3":{"line":41,"type":"if","locations":[{"start":{"line":41,"column":8},"end":{"line":41,"column":8}},{"start":{"line":41,"column":8},"end":{"line":41,"column":8}}]},"4":{"line":42,"type":"if","locations":[{"start":{"line":42,"column":8},"end":{"line":42,"column":8}},{"start":{"line":42,"column":8},"end":{"line":42,"column":8}}]},"5":{"line":51,"type":"if","locations":[{"start":{"line":51,"column":8},"end":{"line":51,"column":8}},{"start":{"line":51,"column":8},"end":{"line":51,"column":8}}]},"6":{"line":56,"type":"if","locations":[{"start":{"line":56,"column":8},"end":{"line":56,"column":8}},{"start":{"line":56,"column":8},"end":{"line":56,"column":8}}]}}}}